<?xml version="1.0" encoding="UTF-8"?>
<testng-results skipped="0" failed="0" ignored="0" total="1" passed="1">
  <reporter-output>
  </reporter-output>
  <suite name="Suite" duration-ms="10778" started-at="2021-12-22T16:03:13 IST" finished-at="2021-12-22T16:03:24 IST">
    <groups>
    </groups>
    <test name="Test" duration-ms="10778" started-at="2021-12-22T16:03:13 IST" finished-at="2021-12-22T16:03:24 IST">
      <class name="OJT.Selenium">
        <test-method status="PASS" signature="test()[pri:0, instance:OJT.Selenium@7494e528]" name="test" duration-ms="10736" started-at="2021-12-22T16:03:13 IST" finished-at="2021-12-22T16:03:24 IST">
          <reporter-output>
          </reporter-output>
        </test-method> <!-- test -->
      </class> <!-- OJT.Selenium -->
    </test> <!-- Test -->
  </suite> <!-- Suite -->
</testng-results>
