<?xml version="1.0" encoding="UTF-8"?>
<testng-results skipped="0" failed="0" ignored="0" total="1" passed="1">
  <reporter-output>
  </reporter-output>
  <suite name="Default suite" duration-ms="10495" started-at="2021-12-22T15:56:49 IST" finished-at="2021-12-22T15:56:59 IST">
    <groups>
    </groups>
    <test name="Default test" duration-ms="10495" started-at="2021-12-22T15:56:49 IST" finished-at="2021-12-22T15:56:59 IST">
      <class name="OJT.Selenium">
        <test-method status="PASS" signature="test()[pri:0, instance:OJT.Selenium@587d1d39]" name="test" duration-ms="10450" started-at="2021-12-22T15:56:49 IST" finished-at="2021-12-22T15:56:59 IST">
          <reporter-output>
          </reporter-output>
        </test-method> <!-- test -->
      </class> <!-- OJT.Selenium -->
    </test> <!-- Default test -->
  </suite> <!-- Default suite -->
</testng-results>
